<?xml version="1.0" encoding="UTF-8"?>
<!-- Generated by org.testng.reporters.JUnitXMLReporter -->
<testsuite ignored="4" hostname="Kishore" failures="0" tests="3" name="Flipkart functional Testing on firefox" time="57.249" errors="0" timestamp="26 Apr 2023 12:39:48 GMT">
  <testcase classname="functionalTesting.FlipkartTesting" name="verifyPricesSorted" time="15.133"/>
  <testcase classname="functionalTesting.FlipkartTesting" name="verifyProductNameandPrice" time="18.993"/>
  <testcase classname="functionalTesting.FlipkartTesting" name="verifyTitleandHeading" time="14.381"/>
  <testcase classname="base.Base" name="@BeforeSuite reportInitialize" time="0.0">
    <ignored/>
  </testcase> <!-- @BeforeSuite reportInitialize -->
  <testcase classname="base.Base" name="@BeforeTest setUp" time="0.0">
    <ignored/>
  </testcase> <!-- @BeforeTest setUp -->
  <testcase classname="base.Base" name="@AfterTest tearDown" time="0.0">
    <ignored/>
  </testcase> <!-- @AfterTest tearDown -->
  <testcase classname="base.Base" name="@AfterSuite saveReport" time="0.0">
    <ignored/>
  </testcase> <!-- @AfterSuite saveReport -->
</testsuite> <!-- Flipkart functional Testing on firefox -->
