<?xml version="1.0" encoding="UTF-8"?>
<testng-results ignored="8" total="14" passed="5" failed="1" skipped="0">
  <reporter-output>
  </reporter-output>
  <suite started-at="2023-04-26T12:38:51Z" name="Flipkart" finished-at="2023-04-26T12:41:18Z" duration-ms="147386">
    <groups>
    </groups>
    <test started-at="2023-04-26T12:38:51Z" name="Flipkart functional Testing on firefox" finished-at="2023-04-26T12:39:48Z" duration-ms="57249">
      <class name="functionalTesting.FlipkartTesting">
        <test-method signature="verifyPricesSorted()[pri:0, instance:functionalTesting.FlipkartTesting@696da30b]" started-at="2023-04-26T12:38:58Z" name="verifyPricesSorted" finished-at="2023-04-26T12:39:13Z" duration-ms="15133" status="PASS">
          <reporter-output>
          </reporter-output>
        </test-method> <!-- verifyPricesSorted -->
        <test-method signature="verifyProductNameandPrice()[pri:0, instance:functionalTesting.FlipkartTesting@696da30b]" started-at="2023-04-26T12:39:13Z" name="verifyProductNameandPrice" finished-at="2023-04-26T12:39:32Z" duration-ms="18993" status="PASS">
          <reporter-output>
          </reporter-output>
        </test-method> <!-- verifyProductNameandPrice -->
        <test-method signature="verifyTitleandHeading()[pri:0, instance:functionalTesting.FlipkartTesting@696da30b]" started-at="2023-04-26T12:39:32Z" name="verifyTitleandHeading" finished-at="2023-04-26T12:39:46Z" duration-ms="14381" status="PASS">
          <reporter-output>
          </reporter-output>
        </test-method> <!-- verifyTitleandHeading -->
      </class> <!-- functionalTesting.FlipkartTesting -->
      <class name="base.Base">
        <test-method is-config="true" signature="setUp(java.lang.String)[pri:0, instance:base.Base@5fd4f8f5]" started-at="2023-04-26T12:38:51Z" name="setUp" finished-at="2023-04-26T12:38:58Z" duration-ms="7203" status="PASS">
          <params>
            <param index="0">
              <value>
                <![CDATA[firefox]]>
              </value>
            </param>
          </params>
          <reporter-output>
          </reporter-output>
        </test-method> <!-- setUp -->
        <test-method is-config="true" signature="tearDown()[pri:0, instance:base.Base@5fd4f8f5]" started-at="2023-04-26T12:39:46Z" name="tearDown" finished-at="2023-04-26T12:39:48Z" duration-ms="1511" status="PASS">
          <reporter-output>
          </reporter-output>
        </test-method> <!-- tearDown -->
      </class> <!-- base.Base -->
    </test> <!-- Flipkart functional Testing on firefox -->
    <test started-at="2023-04-26T12:39:48Z" name="Flipkart functional Testing on chrome" finished-at="2023-04-26T12:41:18Z" duration-ms="90073">
      <class name="functionalTesting.FlipkartTesting">
        <test-method signature="verifyPricesSorted()[pri:0, instance:functionalTesting.FlipkartTesting@193f604a]" started-at="2023-04-26T12:39:51Z" name="verifyPricesSorted" finished-at="2023-04-26T12:40:01Z" duration-ms="9361" status="PASS">
          <reporter-output>
          </reporter-output>
        </test-method> <!-- verifyPricesSorted -->
        <test-method signature="verifyProductNameandPrice()[pri:0, instance:functionalTesting.FlipkartTesting@193f604a]" started-at="2023-04-26T12:40:01Z" name="verifyProductNameandPrice" finished-at="2023-04-26T12:40:24Z" duration-ms="23557" status="FAIL">
          <exception class="java.lang.IndexOutOfBoundsException">
            <message>
              <![CDATA[Index 8 out of bounds for length 0]]>
            </message>
            <full-stacktrace>
              <![CDATA[java.lang.IndexOutOfBoundsException: Index 8 out of bounds for length 0
at java.base/jdk.internal.util.Preconditions.outOfBounds(Preconditions.java:64)
at java.base/jdk.internal.util.Preconditions.outOfBoundsCheckIndex(Preconditions.java:70)
at java.base/jdk.internal.util.Preconditions.checkIndex(Preconditions.java:266)
at java.base/java.util.Objects.checkIndex(Objects.java:359)
at java.base/java.util.ArrayList.get(ArrayList.java:427)
at pages.ProductsListPage.clickOneProduct(ProductsListPage.java:41)
at functionalTesting.FlipkartTesting.verifyProductNameandPrice(FlipkartTesting.java:79)
at java.base/jdk.internal.reflect.NativeMethodAccessorImpl.invoke0(Native Method)
at java.base/jdk.internal.reflect.NativeMethodAccessorImpl.invoke(NativeMethodAccessorImpl.java:77)
at java.base/jdk.internal.reflect.DelegatingMethodAccessorImpl.invoke(DelegatingMethodAccessorImpl.java:43)
at java.base/java.lang.reflect.Method.invoke(Method.java:568)
at org.testng.internal.MethodInvocationHelper.invokeMethod(MethodInvocationHelper.java:124)
at org.testng.internal.Invoker.invokeMethod(Invoker.java:583)
at org.testng.internal.Invoker.invokeTestMethod(Invoker.java:719)
at org.testng.internal.Invoker.invokeTestMethods(Invoker.java:989)
at org.testng.internal.TestMethodWorker.invokeTestMethods(TestMethodWorker.java:125)
at org.testng.internal.TestMethodWorker.run(TestMethodWorker.java:109)
at org.testng.TestRunner.privateRun(TestRunner.java:648)
at org.testng.TestRunner.run(TestRunner.java:505)
at org.testng.SuiteRunner.runTest(SuiteRunner.java:455)
at org.testng.SuiteRunner.runSequentially(SuiteRunner.java:450)
at org.testng.SuiteRunner.privateRun(SuiteRunner.java:415)
at org.testng.SuiteRunner.run(SuiteRunner.java:364)
at org.testng.SuiteRunnerWorker.runSuite(SuiteRunnerWorker.java:52)
at org.testng.SuiteRunnerWorker.run(SuiteRunnerWorker.java:84)
at org.testng.TestNG.runSuitesSequentially(TestNG.java:1208)
at org.testng.TestNG.runSuitesLocally(TestNG.java:1137)
at org.testng.TestNG.runSuites(TestNG.java:1049)
at org.testng.TestNG.run(TestNG.java:1017)
at org.testng.remote.AbstractRemoteTestNG.run(AbstractRemoteTestNG.java:115)
at org.testng.remote.RemoteTestNG.initAndRun(RemoteTestNG.java:251)
at org.testng.remote.RemoteTestNG.main(RemoteTestNG.java:77)
]]>
            </full-stacktrace>
          </exception> <!-- java.lang.IndexOutOfBoundsException -->
          <reporter-output>
          </reporter-output>
        </test-method> <!-- verifyProductNameandPrice -->
        <test-method signature="verifyTitleandHeading()[pri:0, instance:functionalTesting.FlipkartTesting@193f604a]" started-at="2023-04-26T12:40:24Z" name="verifyTitleandHeading" finished-at="2023-04-26T12:41:18Z" duration-ms="53509" status="PASS">
          <reporter-output>
          </reporter-output>
        </test-method> <!-- verifyTitleandHeading -->
      </class> <!-- functionalTesting.FlipkartTesting -->
      <class name="base.Base">
        <test-method is-config="true" signature="reportInitialize()[pri:0, instance:base.Base@6d3a388c]" started-at="2023-04-26T12:38:50Z" name="reportInitialize" finished-at="2023-04-26T12:38:51Z" duration-ms="413" status="PASS">
          <reporter-output>
          </reporter-output>
        </test-method> <!-- reportInitialize -->
        <test-method is-config="true" signature="setUp(java.lang.String)[pri:0, instance:base.Base@6d3a388c]" started-at="2023-04-26T12:39:48Z" name="setUp" finished-at="2023-04-26T12:39:51Z" duration-ms="3235" status="PASS">
          <params>
            <param index="0">
              <value>
                <![CDATA[chrome]]>
              </value>
            </param>
          </params>
          <reporter-output>
          </reporter-output>
        </test-method> <!-- setUp -->
        <test-method is-config="true" signature="tearDown()[pri:0, instance:base.Base@6d3a388c]" started-at="2023-04-26T12:41:18Z" name="tearDown" finished-at="2023-04-26T12:41:18Z" duration-ms="402" status="PASS">
          <reporter-output>
          </reporter-output>
        </test-method> <!-- tearDown -->
        <test-method is-config="true" signature="saveReport()[pri:0, instance:base.Base@6d3a388c]" started-at="2023-04-26T12:41:18Z" name="saveReport" finished-at="2023-04-26T12:41:19Z" duration-ms="544" status="PASS">
          <reporter-output>
          </reporter-output>
        </test-method> <!-- saveReport -->
      </class> <!-- base.Base -->
    </test> <!-- Flipkart functional Testing on chrome -->
  </suite> <!-- Flipkart -->
</testng-results>
